{"name": "Check autocomplete is filled_2", "status": "broken", "statusDetails": {"message": "selenium.common.exceptions.TimeoutException: Message:", "trace": "widgets_test.py:97: in test_fill_multi_autocomplete2\n    autocomplete_page.send_data_in_autocomplete_filed_2(random.randint(1,10))\n../../pages/widgets_page.py:69: in send_data_in_autocomplete_filed_2\n    multi_value = self.elements_are_visible(self.locators.MULTI_VALUE)\n../../pages/base_page.py:28: in elements_are_visible\n    return wait(self.driver, timeout).until(EC.visibility_of_all_elements_located(locator))\n../../.venv/lib/python3.12/site-packages/selenium/webdriver/support/wait.py:105: in until\n    raise TimeoutException(message, screen, stacktrace)\nE   selenium.common.exceptions.TimeoutException: Message:"}, "attachments": [{"name": "log", "source": "adf4a6cf-51c7-4aa7-8049-7296cdd61a5a-attachment.txt", "type": "text/plain"}], "start": 1737243240926, "stop": 1737243273733, "uuid": "1ae291d5-82fb-42e5-a31e-d88910bfbcfb", "historyId": "ab68bc91eecc1369c5463fd731db25ac", "testCaseId": "ab68bc91eecc1369c5463fd731db25ac", "fullName": "tests.ui_tests.widgets_test.TestAutoCompletePage#test_fill_multi_autocomplete2", "labels": [{"name": "feature", "value": "Autocomplete page"}, {"name": "suite", "value": "Widgets"}, {"name": "tag", "value": "regression"}, {"name": "parentSuite", "value": "tests.ui_tests"}, {"name": "subSuite", "value": "TestWidgets"}, {"name": "host", "value": "Timofeis-Air.lan"}, {"name": "thread", "value": "2574-MainThread"}, {"name": "framework", "value": "pytest"}, {"name": "language", "value": "cpython3"}, {"name": "package", "value": "tests.ui_tests.widgets_test"}]}