{"name": "test_accordian", "status": "broken", "statusDetails": {"message": "selenium.common.exceptions.JavascriptException: Message: javascript error: arguments[0].scrollIntoView is not a function\n  (Session info: chrome=131.0.6778.265)\nStacktrace:\n0   chromedriver                        0x0000000102e96138 cxxbridge1$str$ptr + 3653888\n1   chromedriver                        0x0000000102e8e988 cxxbridge1$str$ptr + 3623248\n2   chromedriver                        0x00000001028f4968 cxxbridge1$string$len + 89228\n3   chromedriver                        0x00000001028f984c cxxbridge1$string$len + 109424\n4   chromedriver                        0x00000001028fbb3c cxxbridge1$string$len + 118368\n5   chromedriver                        0x0000000102972d44 cxxbridge1$string$len + 606312\n6   chromedriver                        0x00000001029724f0 cxxbridge1$string$len + 604180\n7   chromedriver                        0x000000010292d564 cxxbridge1$string$len + 321672\n8   chromedriver                        0x000000010292e1b4 cxxbridge1$string$len + 324824\n9   chromedriver                        0x0000000102e60fc0 cxxbridge1$str$ptr + 3436424\n10  chromedriver                        0x0000000102e642dc cxxbridge1$str$ptr + 3449508\n11  chromedriver                        0x0000000102e47e60 cxxbridge1$str$ptr + 3333672\n12  chromedriver                        0x0000000102e64b9c cxxbridge1$str$ptr + 3451748\n13  chromedriver                        0x0000000102e39678 cxxbridge1$str$ptr + 3274304\n14  chromedriver                        0x0000000102e7f2b4 cxxbridge1$str$ptr + 3560060\n15  chromedriver                        0x0000000102e7f430 cxxbridge1$str$ptr + 3560440\n16  chromedriver                        0x0000000102e8e5fc cxxbridge1$str$ptr + 3622340\n17  libsystem_pthread.dylib             0x000000019d905f94 _pthread_start + 136\n18  libsystem_pthread.dylib             0x000000019d900d34 thread_start + 8", "trace": "widgets_test.py:14: in test_accordian\n    first_title, first_content = accordian_page.check_accordian('first')\n../../pages/widgets_page.py:21: in check_accordian\n    self.go_to_element(accordian[accordian_num]['title'])\n../../pages/base_page.py:40: in go_to_element\n    self.driver.execute_script(\"arguments[0].scrollIntoView();\", element)\n../../.venv/lib/python3.12/site-packages/selenium/webdriver/remote/webdriver.py:414: in execute_script\n    return self.execute(command, {\"script\": script, \"args\": converted_args})[\"value\"]\n../../.venv/lib/python3.12/site-packages/selenium/webdriver/remote/webdriver.py:354: in execute\n    self.error_handler.check_response(response)\n../../.venv/lib/python3.12/site-packages/selenium/webdriver/remote/errorhandler.py:229: in check_response\n    raise exception_class(message, screen, stacktrace)\nE   selenium.common.exceptions.JavascriptException: Message: javascript error: arguments[0].scrollIntoView is not a function\nE     (Session info: chrome=131.0.6778.265)\nE   Stacktrace:\nE   0   chromedriver                        0x0000000102e96138 cxxbridge1$str$ptr + 3653888\nE   1   chromedriver                        0x0000000102e8e988 cxxbridge1$str$ptr + 3623248\nE   2   chromedriver                        0x00000001028f4968 cxxbridge1$string$len + 89228\nE   3   chromedriver                        0x00000001028f984c cxxbridge1$string$len + 109424\nE   4   chromedriver                        0x00000001028fbb3c cxxbridge1$string$len + 118368\nE   5   chromedriver                        0x0000000102972d44 cxxbridge1$string$len + 606312\nE   6   chromedriver                        0x00000001029724f0 cxxbridge1$string$len + 604180\nE   7   chromedriver                        0x000000010292d564 cxxbridge1$string$len + 321672\nE   8   chromedriver                        0x000000010292e1b4 cxxbridge1$string$len + 324824\nE   9   chromedriver                        0x0000000102e60fc0 cxxbridge1$str$ptr + 3436424\nE   10  chromedriver                        0x0000000102e642dc cxxbridge1$str$ptr + 3449508\nE   11  chromedriver                        0x0000000102e47e60 cxxbridge1$str$ptr + 3333672\nE   12  chromedriver                        0x0000000102e64b9c cxxbridge1$str$ptr + 3451748\nE   13  chromedriver                        0x0000000102e39678 cxxbridge1$str$ptr + 3274304\nE   14  chromedriver                        0x0000000102e7f2b4 cxxbridge1$str$ptr + 3560060\nE   15  chromedriver                        0x0000000102e7f430 cxxbridge1$str$ptr + 3560440\nE   16  chromedriver                        0x0000000102e8e5fc cxxbridge1$str$ptr + 3622340\nE   17  libsystem_pthread.dylib             0x000000019d905f94 _pthread_start + 136\nE   18  libsystem_pthread.dylib             0x000000019d900d34 thread_start + 8"}, "attachments": [{"name": "log", "source": "8baf2d12-ddfd-4182-aadb-376c3daacc08-attachment.txt", "type": "text/plain"}], "start": 1736559736930, "stop": 1736559739298, "uuid": "d769f192-380b-43a8-8baa-1228973475a2", "historyId": "a933137744968ffbfc4dce92ac06f290", "testCaseId": "a933137744968ffbfc4dce92ac06f290", "fullName": "tests.ui_tests.widgets_test.TestAccordianPage#test_accordian", "labels": [{"name": "parentSuite", "value": "tests.ui_tests"}, {"name": "suite", "value": "widgets_test"}, {"name": "subSuite", "value": "TestWidgets"}, {"name": "host", "value": "Timofeis-Air.lan"}, {"name": "thread", "value": "20041-MainThread"}, {"name": "framework", "value": "pytest"}, {"name": "language", "value": "cpython3"}, {"name": "package", "value": "tests.ui_tests.widgets_test"}]}