{"name": "test_accordian", "status": "broken", "statusDetails": {"message": "selenium.common.exceptions.NoSuchWindowException: Message: no such window: target window already closed\nfrom unknown error: web view not found\n  (Session info: chrome=131.0.6778.265)\nStacktrace:\n0   chromedriver                        0x000000010479a138 cxxbridge1$str$ptr + 3653888\n1   chromedriver                        0x0000000104792988 cxxbridge1$str$ptr + 3623248\n2   chromedriver                        0x00000001041f8968 cxxbridge1$string$len + 89228\n3   chromedriver                        0x00000001041d3e44 core::str::slice_error_fail::ha0e52dbcb60e6bae + 3780\n4   chromedriver                        0x0000000104262c84 cxxbridge1$string$len + 524200\n5   chromedriver                        0x0000000104275b60 cxxbridge1$string$len + 601732\n6   chromedriver                        0x0000000104231564 cxxbridge1$string$len + 321672\n7   chromedriver                        0x00000001042321b4 cxxbridge1$string$len + 324824\n8   chromedriver                        0x0000000104764fc0 cxxbridge1$str$ptr + 3436424\n9   chromedriver                        0x00000001047682dc cxxbridge1$str$ptr + 3449508\n10  chromedriver                        0x000000010474be60 cxxbridge1$str$ptr + 3333672\n11  chromedriver                        0x0000000104768b9c cxxbridge1$str$ptr + 3451748\n12  chromedriver                        0x000000010473d678 cxxbridge1$str$ptr + 3274304\n13  chromedriver                        0x00000001047832b4 cxxbridge1$str$ptr + 3560060\n14  chromedriver                        0x0000000104783430 cxxbridge1$str$ptr + 3560440\n15  chromedriver                        0x00000001047925fc cxxbridge1$str$ptr + 3622340\n16  libsystem_pthread.dylib             0x000000019d905f94 _pthread_start + 136\n17  libsystem_pthread.dylib             0x000000019d900d34 thread_start + 8", "trace": "widgets_test.py:14: in test_accordian\n    first_title, first_content = accordian_page.check_accordian('first')\n../../pages/widgets_page.py:21: in check_accordian\n    section_title = self.element_is_visible(accordian[accordian_num]['title'])\n../../pages/base_page.py:22: in element_is_visible\n    return wait(self.driver, timeout).until(EC.visibility_of_element_located(locator))\n../../.venv/lib/python3.12/site-packages/selenium/webdriver/support/wait.py:96: in until\n    value = method(self._driver)\n../../.venv/lib/python3.12/site-packages/selenium/webdriver/support/expected_conditions.py:156: in _predicate\n    return _element_if_visible(driver.find_element(*locator))\n../../.venv/lib/python3.12/site-packages/selenium/webdriver/remote/webdriver.py:748: in find_element\n    return self.execute(Command.FIND_ELEMENT, {\"using\": by, \"value\": value})[\"value\"]\n../../.venv/lib/python3.12/site-packages/selenium/webdriver/remote/webdriver.py:354: in execute\n    self.error_handler.check_response(response)\n../../.venv/lib/python3.12/site-packages/selenium/webdriver/remote/errorhandler.py:229: in check_response\n    raise exception_class(message, screen, stacktrace)\nE   selenium.common.exceptions.NoSuchWindowException: Message: no such window: target window already closed\nE   from unknown error: web view not found\nE     (Session info: chrome=131.0.6778.265)\nE   Stacktrace:\nE   0   chromedriver                        0x000000010479a138 cxxbridge1$str$ptr + 3653888\nE   1   chromedriver                        0x0000000104792988 cxxbridge1$str$ptr + 3623248\nE   2   chromedriver                        0x00000001041f8968 cxxbridge1$string$len + 89228\nE   3   chromedriver                        0x00000001041d3e44 core::str::slice_error_fail::ha0e52dbcb60e6bae + 3780\nE   4   chromedriver                        0x0000000104262c84 cxxbridge1$string$len + 524200\nE   5   chromedriver                        0x0000000104275b60 cxxbridge1$string$len + 601732\nE   6   chromedriver                        0x0000000104231564 cxxbridge1$string$len + 321672\nE   7   chromedriver                        0x00000001042321b4 cxxbridge1$string$len + 324824\nE   8   chromedriver                        0x0000000104764fc0 cxxbridge1$str$ptr + 3436424\nE   9   chromedriver                        0x00000001047682dc cxxbridge1$str$ptr + 3449508\nE   10  chromedriver                        0x000000010474be60 cxxbridge1$str$ptr + 3333672\nE   11  chromedriver                        0x0000000104768b9c cxxbridge1$str$ptr + 3451748\nE   12  chromedriver                        0x000000010473d678 cxxbridge1$str$ptr + 3274304\nE   13  chromedriver                        0x00000001047832b4 cxxbridge1$str$ptr + 3560060\nE   14  chromedriver                        0x0000000104783430 cxxbridge1$str$ptr + 3560440\nE   15  chromedriver                        0x00000001047925fc cxxbridge1$str$ptr + 3622340\nE   16  libsystem_pthread.dylib             0x000000019d905f94 _pthread_start + 136\nE   17  libsystem_pthread.dylib             0x000000019d900d34 thread_start + 8"}, "attachments": [{"name": "log", "source": "5536a258-ae1e-4766-a298-35ad75e2f8dc-attachment.txt", "type": "text/plain"}], "start": 1736559151457, "stop": 1736559186193, "uuid": "971fc0ee-fb76-495e-9e0a-d2eb935e2827", "historyId": "a933137744968ffbfc4dce92ac06f290", "testCaseId": "a933137744968ffbfc4dce92ac06f290", "fullName": "tests.ui_tests.widgets_test.TestAccordianPage#test_accordian", "labels": [{"name": "parentSuite", "value": "tests.ui_tests"}, {"name": "suite", "value": "widgets_test"}, {"name": "subSuite", "value": "TestWidgets"}, {"name": "host", "value": "Timofeis-Air.lan"}, {"name": "thread", "value": "19796-MainThread"}, {"name": "framework", "value": "pytest"}, {"name": "language", "value": "cpython3"}, {"name": "package", "value": "tests.ui_tests.widgets_test"}]}