{"name": "Check delete all items from autocomplete field", "status": "broken", "statusDetails": {"message": "selenium.common.exceptions.ElementClickInterceptedException: Message: element click intercepted: Element <div class=\"auto-complete__indicators css-1wy0on6\">...</div> is not clickable at point (701, 596). Other element would receive the click: <div>...</div>\n  (Session info: chrome=132.0.6834.160)\nStacktrace:\n0   chromedriver                        0x0000000100ad70d4 cxxbridge1$str$ptr + 2600792\n1   chromedriver                        0x0000000100acf9f0 cxxbridge1$str$ptr + 2570356\n2   chromedriver                        0x00000001006703d8 cxxbridge1$string$len + 89376\n3   chromedriver                        0x00000001006bad44 cxxbridge1$string$len + 394892\n4   chromedriver                        0x00000001006b9320 cxxbridge1$string$len + 388200\n5   chromedriver                        0x00000001006b71fc cxxbridge1$string$len + 379716\n6   chromedriver                        0x00000001006b662c cxxbridge1$string$len + 376692\n7   chromedriver                        0x00000001006ab200 cxxbridge1$string$len + 330568\n8   chromedriver                        0x00000001006aaca4 cxxbridge1$string$len + 329196\n9   chromedriver                        0x00000001006ef638 cxxbridge1$string$len + 610176\n10  chromedriver                        0x00000001006a934c cxxbridge1$string$len + 322708\n11  chromedriver                        0x00000001006a9f94 cxxbridge1$string$len + 325852\n12  chromedriver                        0x0000000100aa2238 cxxbridge1$str$ptr + 2384060\n13  chromedriver                        0x0000000100aa5550 cxxbridge1$str$ptr + 2397140\n14  chromedriver                        0x0000000100a88b9c cxxbridge1$str$ptr + 2279968\n15  chromedriver                        0x0000000100aa5e10 cxxbridge1$str$ptr + 2399380\n16  chromedriver                        0x0000000100a7a6a4 cxxbridge1$str$ptr + 2221352\n17  chromedriver                        0x0000000100ac07d8 cxxbridge1$str$ptr + 2508380\n18  chromedriver                        0x0000000100ac0954 cxxbridge1$str$ptr + 2508760\n19  chromedriver                        0x0000000100acf664 cxxbridge1$str$ptr + 2569448\n20  libsystem_pthread.dylib             0x000000019d905f94 _pthread_start + 136\n21  libsystem_pthread.dylib             0x000000019d900d34 thread_start + 8", "trace": "tests/ui_tests/widgets_test.py:138: in test_delete_all_items\n    autocomplete_page.remove_all_values_multu()\npages/widgets_page.py:90: in remove_all_values_multu\n    remove_all.click()\n.venv/lib/python3.12/site-packages/selenium/webdriver/remote/webelement.py:94: in click\n    self._execute(Command.CLICK_ELEMENT)\n.venv/lib/python3.12/site-packages/selenium/webdriver/remote/webelement.py:395: in _execute\n    return self._parent.execute(command, params)\n.venv/lib/python3.12/site-packages/selenium/webdriver/remote/webdriver.py:354: in execute\n    self.error_handler.check_response(response)\n.venv/lib/python3.12/site-packages/selenium/webdriver/remote/errorhandler.py:229: in check_response\n    raise exception_class(message, screen, stacktrace)\nE   selenium.common.exceptions.ElementClickInterceptedException: Message: element click intercepted: Element <div class=\"auto-complete__indicators css-1wy0on6\">...</div> is not clickable at point (701, 596). Other element would receive the click: <div>...</div>\nE     (Session info: chrome=132.0.6834.160)\nE   Stacktrace:\nE   0   chromedriver                        0x0000000100ad70d4 cxxbridge1$str$ptr + 2600792\nE   1   chromedriver                        0x0000000100acf9f0 cxxbridge1$str$ptr + 2570356\nE   2   chromedriver                        0x00000001006703d8 cxxbridge1$string$len + 89376\nE   3   chromedriver                        0x00000001006bad44 cxxbridge1$string$len + 394892\nE   4   chromedriver                        0x00000001006b9320 cxxbridge1$string$len + 388200\nE   5   chromedriver                        0x00000001006b71fc cxxbridge1$string$len + 379716\nE   6   chromedriver                        0x00000001006b662c cxxbridge1$string$len + 376692\nE   7   chromedriver                        0x00000001006ab200 cxxbridge1$string$len + 330568\nE   8   chromedriver                        0x00000001006aaca4 cxxbridge1$string$len + 329196\nE   9   chromedriver                        0x00000001006ef638 cxxbridge1$string$len + 610176\nE   10  chromedriver                        0x00000001006a934c cxxbridge1$string$len + 322708\nE   11  chromedriver                        0x00000001006a9f94 cxxbridge1$string$len + 325852\nE   12  chromedriver                        0x0000000100aa2238 cxxbridge1$str$ptr + 2384060\nE   13  chromedriver                        0x0000000100aa5550 cxxbridge1$str$ptr + 2397140\nE   14  chromedriver                        0x0000000100a88b9c cxxbridge1$str$ptr + 2279968\nE   15  chromedriver                        0x0000000100aa5e10 cxxbridge1$str$ptr + 2399380\nE   16  chromedriver                        0x0000000100a7a6a4 cxxbridge1$str$ptr + 2221352\nE   17  chromedriver                        0x0000000100ac07d8 cxxbridge1$str$ptr + 2508380\nE   18  chromedriver                        0x0000000100ac0954 cxxbridge1$str$ptr + 2508760\nE   19  chromedriver                        0x0000000100acf664 cxxbridge1$str$ptr + 2569448\nE   20  libsystem_pthread.dylib             0x000000019d905f94 _pthread_start + 136\nE   21  libsystem_pthread.dylib             0x000000019d900d34 thread_start + 8"}, "steps": [{"name": "Send data in autocomplete field2", "status": "passed", "parameters": [{"name": "n", "value": "7"}], "start": 1738811021691, "stop": 1738811029023}, {"name": "Check color in multi", "status": "passed", "start": 1738811029023, "stop": 1738811029072}, {"name": "Remove all values multu", "status": "broken", "statusDetails": {"message": "selenium.common.exceptions.ElementClickInterceptedException: Message: element click intercepted: Element <div class=\"auto-complete__indicators css-1wy0on6\">...</div> is not clickable at point (701, 596). Other element would receive the click: <div>...</div>\n  (Session info: chrome=132.0.6834.160)\nStacktrace:\n0   chromedriver                        0x0000000100ad70d4 cxxbridge1$str$ptr + 2600792\n1   chromedriver                        0x0000000100acf9f0 cxxbridge1$str$ptr + 2570356\n2   chromedriver                        0x00000001006703d8 cxxbridge1$string$len + 89376\n3   chromedriver                        0x00000001006bad44 cxxbridge1$string$len + 394892\n4   chromedriver                        0x00000001006b9320 cxxbridge1$string$len + 388200\n5   chromedriver                        0x00000001006b71fc cxxbridge1$string$len + 379716\n6   chromedriver                        0x00000001006b662c cxxbridge1$string$len + 376692\n7   chromedriver                        0x00000001006ab200 cxxbridge1$string$len + 330568\n8   chromedriver                        0x00000001006aaca4 cxxbridge1$string$len + 329196\n9   chromedriver                        0x00000001006ef638 cxxbridge1$string$len + 610176\n10  chromedriver                        0x00000001006a934c cxxbridge1$string$len + 322708\n11  chromedriver                        0x00000001006a9f94 cxxbridge1$string$len + 325852\n12  chromedriver                        0x0000000100aa2238 cxxbridge1$str$ptr + 2384060\n13  chromedriver                        0x0000000100aa5550 cxxbridge1$str$ptr + 2397140\n14  chromedriver                        0x0000000100a88b9c cxxbridge1$str$ptr + 2279968\n15  chromedriver                        0x0000000100aa5e10 cxxbridge1$str$ptr + 2399380\n16  chromedriver                        0x0000000100a7a6a4 cxxbridge1$str$ptr + 2221352\n17  chromedriver                        0x0000000100ac07d8 cxxbridge1$str$ptr + 2508380\n18  chromedriver                        0x0000000100ac0954 cxxbridge1$str$ptr + 2508760\n19  chromedriver                        0x0000000100acf664 cxxbridge1$str$ptr + 2569448\n20  libsystem_pthread.dylib             0x000000019d905f94 _pthread_start + 136\n21  libsystem_pthread.dylib             0x000000019d900d34 thread_start + 8\n\n", "trace": "  File \"/Users/timofeitimko/PycharmProjects/automation_qa_art/.venv/lib/python3.12/site-packages/allure_commons/_allure.py\", line 192, in impl\n    return func(*a, **kw)\n           ^^^^^^^^^^^^^^\n  File \"/Users/timofeitimko/PycharmProjects/automation_qa_art/pages/widgets_page.py\", line 90, in remove_all_values_multu\n    remove_all.click()\n  File \"/Users/timofeitimko/PycharmProjects/automation_qa_art/.venv/lib/python3.12/site-packages/selenium/webdriver/remote/webelement.py\", line 94, in click\n    self._execute(Command.CLICK_ELEMENT)\n  File \"/Users/timofeitimko/PycharmProjects/automation_qa_art/.venv/lib/python3.12/site-packages/selenium/webdriver/remote/webelement.py\", line 395, in _execute\n    return self._parent.execute(command, params)\n           ^^^^^^^^^^^^^^^^^^^^^^^^^^^^^^^^^^^^^\n  File \"/Users/timofeitimko/PycharmProjects/automation_qa_art/.venv/lib/python3.12/site-packages/selenium/webdriver/remote/webdriver.py\", line 354, in execute\n    self.error_handler.check_response(response)\n  File \"/Users/timofeitimko/PycharmProjects/automation_qa_art/.venv/lib/python3.12/site-packages/selenium/webdriver/remote/errorhandler.py\", line 229, in check_response\n    raise exception_class(message, screen, stacktrace)\n"}, "start": 1738811029072, "stop": 1738811030145}], "attachments": [{"name": "log", "source": "b0ed55fb-848d-4d6c-a086-b246571ee3c1-attachment.txt", "type": "text/plain"}], "start": 1738811018285, "stop": 1738811030147, "uuid": "f3217cd2-28a5-4ce7-8e2c-0d50d5d9418d", "historyId": "26715816499e8c4d97042947c8809890", "testCaseId": "26715816499e8c4d97042947c8809890", "fullName": "tests.ui_tests.widgets_test.TestAutoCompletePage#test_delete_all_items", "labels": [{"name": "feature", "value": "Autocomplete page"}, {"name": "suite", "value": "Widgets"}, {"name": "tag", "value": "regression"}, {"name": "parentSuite", "value": "tests.ui_tests"}, {"name": "subSuite", "value": "TestWidgets"}, {"name": "host", "value": "Timofeis-Air.lan"}, {"name": "thread", "value": "65512-MainThread"}, {"name": "framework", "value": "pytest"}, {"name": "language", "value": "cpython3"}, {"name": "package", "value": "tests.ui_tests.widgets_test"}]}